This file contains any messages produced by compilers while
running configure, to aid debugging if configure makes a mistake.

It was created by ocsfml configure 2.00-alpha, which was
generated by GNU Autoconf 2.68.  Invocation command line was

  $ ./configure CXX_TOOLCHAIN=clang

## --------- ##
## Platform. ##
## --------- ##

hostname = Anchise
uname -m = x86_64
uname -r = 3.2.0-41-generic
uname -s = Linux
uname -v = #66-Ubuntu SMP Thu Apr 25 03:27:11 UTC 2013

/usr/bin/uname -p = unknown
/bin/uname -X     = unknown

/bin/arch              = unknown
/usr/bin/arch -k       = unknown
/usr/convex/getsysinfo = unknown
/usr/bin/hostinfo      = unknown
/bin/machine           = unknown
/usr/bin/oslevel       = unknown
/bin/universe          = unknown

PATH: /home/joedralliam/.opam/system/bin
PATH: /home/joedralliam/.opam/system/bin
PATH: /usr/local/sbin
PATH: /usr/local/bin
PATH: /usr/sbin
PATH: /usr/bin
PATH: /sbin
PATH: /bin
PATH: /usr/games


## ----------- ##
## Core tests. ##
## ----------- ##

configure:1814: checking build system type
configure:1828: result: x86_64-unknown-linux-gnu
configure:1848: checking host system type
configure:1861: result: x86_64-unknown-linux-gnu
configure:1929: checking for gcc
configure:1945: found /usr/bin/gcc
configure:1956: result: gcc
configure:2185: checking for C compiler version
configure:2194: gcc --version >&5
gcc (Ubuntu/Linaro 4.6.3-1ubuntu5) 4.6.3
Copyright (C) 2011 Free Software Foundation, Inc.
This is free software; see the source for copying conditions.  There is NO
warranty; not even for MERCHANTABILITY or FITNESS FOR A PARTICULAR PURPOSE.

configure:2205: $? = 0
configure:2194: gcc -v >&5
Using built-in specs.
COLLECT_GCC=gcc
COLLECT_LTO_WRAPPER=/usr/lib/gcc/x86_64-linux-gnu/4.6/lto-wrapper
Target: x86_64-linux-gnu
Configured with: ../src/configure -v --with-pkgversion='Ubuntu/Linaro 4.6.3-1ubuntu5' --with-bugurl=file:///usr/share/doc/gcc-4.6/README.Bugs --enable-languages=c,c++,fortran,objc,obj-c++ --prefix=/usr --program-suffix=-4.6 --enable-shared --enable-linker-build-id --with-system-zlib --libexecdir=/usr/lib --without-included-gettext --enable-threads=posix --with-gxx-include-dir=/usr/include/c++/4.6 --libdir=/usr/lib --enable-nls --with-sysroot=/ --enable-clocale=gnu --enable-libstdcxx-debug --enable-libstdcxx-time=yes --enable-gnu-unique-object --enable-plugin --enable-objc-gc --disable-werror --with-arch-32=i686 --with-tune=generic --enable-checking=release --build=x86_64-linux-gnu --host=x86_64-linux-gnu --target=x86_64-linux-gnu
Thread model: posix
gcc version 4.6.3 (Ubuntu/Linaro 4.6.3-1ubuntu5) 
configure:2205: $? = 0
configure:2194: gcc -V >&5
gcc: error: unrecognized option '-V'
gcc: fatal error: no input files
compilation terminated.
configure:2205: $? = 4
configure:2194: gcc -qversion >&5
gcc: error: unrecognized option '-qversion'
gcc: fatal error: no input files
compilation terminated.
configure:2205: $? = 4
configure:2225: checking whether the C compiler works
configure:2247: gcc    conftest.c  >&5
configure:2251: $? = 0
configure:2299: result: yes
configure:2302: checking for C compiler default output file name
configure:2304: result: a.out
configure:2310: checking for suffix of executables
configure:2317: gcc -o conftest    conftest.c  >&5
configure:2321: $? = 0
configure:2343: result: 
configure:2365: checking whether we are cross compiling
configure:2373: gcc -o conftest    conftest.c  >&5
configure:2377: $? = 0
configure:2384: ./conftest
configure:2388: $? = 0
configure:2403: result: no
configure:2408: checking for suffix of object files
configure:2430: gcc -c   conftest.c >&5
configure:2434: $? = 0
configure:2455: result: o
configure:2459: checking whether we are using the GNU C compiler
configure:2478: gcc -c   conftest.c >&5
configure:2478: $? = 0
configure:2487: result: yes
configure:2496: checking whether gcc accepts -g
configure:2516: gcc -c -g  conftest.c >&5
configure:2516: $? = 0
configure:2557: result: yes
configure:2574: checking for gcc option to accept ISO C89
configure:2638: gcc  -c -g -O2  conftest.c >&5
configure:2638: $? = 0
configure:2651: result: none needed
configure:2729: checking for g++
configure:2745: found /usr/bin/g++
configure:2756: result: g++
configure:2783: checking for C++ compiler version
configure:2792: g++ --version >&5
g++ (Ubuntu/Linaro 4.6.3-1ubuntu5) 4.6.3
Copyright (C) 2011 Free Software Foundation, Inc.
This is free software; see the source for copying conditions.  There is NO
warranty; not even for MERCHANTABILITY or FITNESS FOR A PARTICULAR PURPOSE.

configure:2803: $? = 0
configure:2792: g++ -v >&5
Using built-in specs.
COLLECT_GCC=g++
COLLECT_LTO_WRAPPER=/usr/lib/gcc/x86_64-linux-gnu/4.6/lto-wrapper
Target: x86_64-linux-gnu
Configured with: ../src/configure -v --with-pkgversion='Ubuntu/Linaro 4.6.3-1ubuntu5' --with-bugurl=file:///usr/share/doc/gcc-4.6/README.Bugs --enable-languages=c,c++,fortran,objc,obj-c++ --prefix=/usr --program-suffix=-4.6 --enable-shared --enable-linker-build-id --with-system-zlib --libexecdir=/usr/lib --without-included-gettext --enable-threads=posix --with-gxx-include-dir=/usr/include/c++/4.6 --libdir=/usr/lib --enable-nls --with-sysroot=/ --enable-clocale=gnu --enable-libstdcxx-debug --enable-libstdcxx-time=yes --enable-gnu-unique-object --enable-plugin --enable-objc-gc --disable-werror --with-arch-32=i686 --with-tune=generic --enable-checking=release --build=x86_64-linux-gnu --host=x86_64-linux-gnu --target=x86_64-linux-gnu
Thread model: posix
gcc version 4.6.3 (Ubuntu/Linaro 4.6.3-1ubuntu5) 
configure:2803: $? = 0
configure:2792: g++ -V >&5
g++: error: unrecognized option '-V'
g++: fatal error: no input files
compilation terminated.
configure:2803: $? = 4
configure:2792: g++ -qversion >&5
g++: error: unrecognized option '-qversion'
g++: fatal error: no input files
compilation terminated.
configure:2803: $? = 4
configure:2807: checking whether we are using the GNU C++ compiler
configure:2826: g++ -c   conftest.cpp >&5
configure:2826: $? = 0
configure:2835: result: yes
configure:2844: checking whether g++ accepts -g
configure:2864: g++ -c -g  conftest.cpp >&5
configure:2864: $? = 0
configure:2905: result: yes
configure:3140: creating ./config.status

## ---------------------- ##
## Running config.status. ##
## ---------------------- ##

This file was extended by ocsfml config.status 2.00-alpha, which was
generated by GNU Autoconf 2.68.  Invocation command line was

  CONFIG_FILES    = 
  CONFIG_HEADERS  = 
  CONFIG_LINKS    = 
  CONFIG_COMMANDS = 
  $ ./config.status 

on Anchise

config.status:755: creating ../Makefile
config.status:755: creating ../options
config.status:755: creating ../_tags

## ---------------- ##
## Cache variables. ##
## ---------------- ##

ac_cv_build=x86_64-unknown-linux-gnu
ac_cv_c_compiler_gnu=yes
ac_cv_cxx_compiler_gnu=yes
ac_cv_env_CCC_set=
ac_cv_env_CCC_value=
ac_cv_env_CC_set=
ac_cv_env_CC_value=
ac_cv_env_CFLAGS_set=
ac_cv_env_CFLAGS_value=
ac_cv_env_CPPFLAGS_set=
ac_cv_env_CPPFLAGS_value=
ac_cv_env_CXXFLAGS_set=
ac_cv_env_CXXFLAGS_value=
ac_cv_env_CXX_set=
ac_cv_env_CXX_value=
ac_cv_env_LDFLAGS_set=
ac_cv_env_LDFLAGS_value=
ac_cv_env_LIBS_set=
ac_cv_env_LIBS_value=
ac_cv_env_build_alias_set=
ac_cv_env_build_alias_value=
ac_cv_env_host_alias_set=
ac_cv_env_host_alias_value=
ac_cv_env_target_alias_set=
ac_cv_env_target_alias_value=
ac_cv_host=x86_64-unknown-linux-gnu
ac_cv_objext=o
ac_cv_prog_ac_ct_CC=gcc
ac_cv_prog_ac_ct_CXX=g++
ac_cv_prog_cc_c89=
ac_cv_prog_cc_g=yes
ac_cv_prog_cxx_g=yes

## ----------------- ##
## Output variables. ##
## ----------------- ##

CC='gcc'
CFLAGS='-g -O2'
CPPFLAGS=''
CXX='g++'
CXXFLAGS='-g -O2'
CXX_TOOLCHAIN='clang'
DEFS='-DPACKAGE_NAME=\"ocsfml\" -DPACKAGE_TARNAME=\"ocsfml\" -DPACKAGE_VERSION=\"2.00-alpha\" -DPACKAGE_STRING=\"ocsfml\ 2.00-alpha\" -DPACKAGE_BUGREPORT=\"\" -DPACKAGE_URL=\"\"'
DLL_EXTENSION=''
ECHO_C=''
ECHO_N='-n'
ECHO_T=''
EXEEXT=''
LDFLAGS=''
LIBOBJS=''
LIBS=''
LIB_EXTENSION='so'
LTLIBOBJS=''
OBJEXT='o'
OPTIONS=''
OS='linux'
PACKAGE_BUGREPORT=''
PACKAGE_NAME='ocsfml'
PACKAGE_STRING='ocsfml 2.00-alpha'
PACKAGE_TARNAME='ocsfml'
PACKAGE_URL=''
PACKAGE_VERSION='2.00-alpha'
PATH_SEPARATOR=':'
SFML_AUDIO='-lsfml-audio'
SFML_GRAPHICS='-lsfml-graphics'
SFML_NETWORK='-lsfml-network'
SFML_SYSTEM='-lsfml-system'
SFML_WINDOW='-lsfml-window'
SHELL='/bin/bash'
USE_SFML_STATIC_LIBRARIES='false'
ac_ct_CC='gcc'
ac_ct_CXX='g++'
bindir='${exec_prefix}/bin'
build='x86_64-unknown-linux-gnu'
build_alias=''
build_cpu='x86_64'
build_os='linux-gnu'
build_vendor='unknown'
datadir='${datarootdir}'
datarootdir='${prefix}/share'
docdir='${datarootdir}/doc/${PACKAGE_TARNAME}'
dvidir='${docdir}'
exec_prefix='${prefix}'
host='x86_64-unknown-linux-gnu'
host_alias=''
host_cpu='x86_64'
host_os='linux-gnu'
host_vendor='unknown'
htmldir='${docdir}'
includedir='${prefix}/include'
infodir='${datarootdir}/info'
libdir='${exec_prefix}/lib'
libexecdir='${exec_prefix}/libexec'
localedir='${datarootdir}/locale'
localstatedir='${prefix}/var'
mandir='${datarootdir}/man'
oldincludedir='/usr/include'
pdfdir='${docdir}'
prefix='/usr/local'
program_transform_name='s,x,x,'
psdir='${docdir}'
sbindir='${exec_prefix}/sbin'
sharedstatedir='${prefix}/com'
sysconfdir='${prefix}/etc'
target_alias=''

## ----------- ##
## confdefs.h. ##
## ----------- ##

/* confdefs.h */
#define PACKAGE_NAME "ocsfml"
#define PACKAGE_TARNAME "ocsfml"
#define PACKAGE_VERSION "2.00-alpha"
#define PACKAGE_STRING "ocsfml 2.00-alpha"
#define PACKAGE_BUGREPORT ""
#define PACKAGE_URL ""

configure: exit 0
